<?xml version="1.0" encoding="UTF-8"?>
<!-- Generated by org.testng.reporters.JUnitReportReporter -->
<testsuite hostname="wsl123" name="cn.springmvc.test.MvcMockTest" tests="3" failures="0" timestamp="15 Mar 2018 08:33:03 GMT" time="0.778" errors="0">
  <testcase name="jsonTest" time="0.716" classname="cn.springmvc.test.MvcMockTest"/>
  <testcase name="jsonTest" time="0.027" classname="cn.springmvc.test.MvcMockTest"/>
  <testcase name="jsonTest" time="0.035" classname="cn.springmvc.test.MvcMockTest"/>
</testsuite> <!-- cn.springmvc.test.MvcMockTest -->
